app/build/outputs/logs/manifest-merger-debug-report.txt
-- Merging decision tree log ---
manifest
ADDED from src\main\AndroidManifest.xml:2:1-41:12
INJECTED from src\main\AndroidManifest.xml:2:1-41:12
INJECTED from src\main\AndroidManifest.xml:2:1-41:12
INJECTED from src\main\AndroidManifest.xml:2:1-41:12
INJECTED from src\main\AndroidManifest.xml:2:1-41:12
INJECTED from src\main\AndroidManifest.xml:2:1-41:12
INJECTED from src\main\AndroidManifest.xml:2:1-41:12
	package
		ADDED from src\main\AndroidManifest.xml:3:5-36
		INJECTED from src\main\AndroidManifest.xml
		INJECTED from src\main\AndroidManifest.xml
	android:versionName
		ADDED from src\main\AndroidManifest.xml:4:29-54
		INJECTED from src\main\AndroidManifest.xml
		INJECTED from src\main\AndroidManifest.xml
	xmlns:android
		ADDED from src\main\AndroidManifest.xml:2:11-69
	android:versionCode
		ADDED from src\main\AndroidManifest.xml:4:5-28
		INJECTED from src\main\AndroidManifest.xml
		INJECTED from src\main\AndroidManifest.xml
uses-permission#android.permission.CAMERA
ADDED from src\main\AndroidManifest.xml:6:5-81
	android:name
		ADDED from src\main\AndroidManifest.xml:6:22-62
uses-permission#android.permission.WRITE_EXTERNAL_STORAGE
ADDED from src\main\AndroidManifest.xml:7:2-77
	android:name
		ADDED from src\main\AndroidManifest.xml:7:19-75
application
ADDED from src\main\AndroidManifest.xml:9:1-40:19
	android:label
		ADDED from src\main\AndroidManifest.xml:12:5-37
	android:icon
		ADDED from src\main\AndroidManifest.xml:11:5-36
	android:allowBackup
		ADDED from src\main\AndroidManifest.xml:10:5-31
	android:theme
		ADDED from src\main\AndroidManifest.xml:13:5-36
activity#eu.gophoton.heartrate.Splash
ADDED from src\main\AndroidManifest.xml:16:13-24:22
	android:screenOrientation
		ADDED from src\main\AndroidManifest.xml:19:13-49
	android:label
		ADDED from src\main\AndroidManifest.xml:18:13-45
	android:name
		ADDED from src\main\AndroidManifest.xml:17:13-56
intent-filter#action:name:android.intent.action.MAIN+category:name:android.intent.category.LAUNCHER
ADDED from src\main\AndroidManifest.xml:20:13-23:29
action#android.intent.action.MAIN
ADDED from src\main\AndroidManifest.xml:21:17-69
	android:name
		ADDED from src\main\AndroidManifest.xml:21:25-66
category#android.intent.category.LAUNCHER
ADDED from src\main\AndroidManifest.xml:22:17-77
	android:name
		ADDED from src\main\AndroidManifest.xml:22:27-74
activity#eu.gophoton.heartrate.MainHRActivity
ADDED from src\main\AndroidManifest.xml:27:9-36:20
	android:screenOrientation
		ADDED from src\main\AndroidManifest.xml:29:19-55
	android:label
		ADDED from src\main\AndroidManifest.xml:28:19-51
	android:name
		ADDED from src\main\AndroidManifest.xml:27:19-70
intent-filter#action:name:eu.gophoton.heartrate.MAINHRACTIVITY+category:name:android.intent.category.DEFAULT
ADDED from src\main\AndroidManifest.xml:30:14-35:29
action#eu.gophoton.heartrate.MAINHRACTIVITY
ADDED from src\main\AndroidManifest.xml:33:17-79
	android:name
		ADDED from src\main\AndroidManifest.xml:33:25-76
category#android.intent.category.DEFAULT
ADDED from src\main\AndroidManifest.xml:34:17-76
	android:name
		ADDED from src\main\AndroidManifest.xml:34:27-73
provider#eu.gophoton.heartrate.CachedFileProvider
ADDED from src\main\AndroidManifest.xml:38:3-125
	android:authorities
		ADDED from src\main\AndroidManifest.xml:38:47-89
	android:exported
		ADDED from src\main\AndroidManifest.xml:38:90-113
	android:name
		ADDED from src\main\AndroidManifest.xml:38:13-46
uses-sdk
INJECTED from src\main\AndroidManifest.xml reason: use-sdk injection requested
INJECTED from src\main\AndroidManifest.xml
INJECTED from src\main\AndroidManifest.xml
INJECTED from src\main\AndroidManifest.xml
INJECTED from src\main\AndroidManifest.xml
	android:targetSdkVersion
		INJECTED from src\main\AndroidManifest.xml
		ADDED from src\main\AndroidManifest.xml
		INJECTED from src\main\AndroidManifest.xml
	android:minSdkVersion
		INJECTED from src\main\AndroidManifest.xml
		ADDED from src\main\AndroidManifest.xml
		INJECTED from src\main\AndroidManifest.xml